#
# A fatal error has been detected by the Java Runtime Environment:
#
#  EXCEPTION_ACCESS_VIOLATION (0xc0000005) at pc=0x0000000000000000, pid=20844, tid=3164
#
# JRE version: Java(TM) SE Runtime Environment (17.0.2+8) (build 17.0.2+8-LTS-86)
# Java VM: Java HotSpot(TM) 64-Bit Server VM (17.0.2+8-LTS-86, mixed mode, sharing, tiered, compressed oops, compressed class ptrs, g1 gc, windows-amd64)
# Problematic frame:
# C  0x0000000000000000
#
# No core dump will be written. Minidumps are not enabled by default on client versions of Windows
#
# If you would like to submit a bug report, please visit:
#   https://bugreport.java.com/bugreport/crash.jsp
# The crash happened outside the Java Virtual Machine in native code.
# See problematic frame for where to report the bug.
#

---------------  S U M M A R Y ------------

Command Line: -Dfile.encoding=windows-1252 -Duser.country=BR -Duser.language=pt -Duser.variant Main

Host: Intel(R) Core(TM) i5-10210U CPU @ 1.60GHz, 8 cores, 7G,  Windows 11 , 64 bit Build 22621 (10.0.22621.3235)
Time: Mon Mar 11 20:36:40 2024 Hora oficial do Brasil elapsed time: 0.848567 seconds (0d 0h 0m 0s)

---------------  T H R E A D  ---------------

Current thread (0x000002f2064c0cb0):  JavaThread "main" [_thread_in_native, id=3164, stack(0x000000f9d9f00000,0x000000f9da000000)]

Stack: [0x000000f9d9f00000,0x000000f9da000000],  sp=0x000000f9d9ffef48,  free space=1019k
Native frames: (J=compiled Java code, j=interpreted, Vv=VM code, C=native code)

Java frames: (J=compiled Java code, j=interpreted, Vv=VM code)
j  com.raylib.Raylib.LoadFont(Ljava/lang/String;)Lcom/raylib/Raylib$Font;+0
j  Main.<clinit>()V+8
v  ~StubRoutines::call_stub

siginfo: EXCEPTION_ACCESS_VIOLATION (0xc0000005), data execution prevention violation at address 0x0000000000000000


Register to memory mapping:

RIP=0x0 is NULL
RAX=0x000037822520e816 is an unknown value
RBX=0x0000000000000002 is an unknown value
RCX=0x0000000000000de1 is an unknown value
RDX=0x0 is NULL
RSP=0x000000f9d9ffef48 is pointing into the stack for thread: 0x000002f2064c0cb0
RBP=0x0000000000000200 is an unknown value
RSI=0x0000000000000200 is an unknown value
RDI=0x000000f9d9fff0e0 is pointing into the stack for thread: 0x000002f2064c0cb0
R8 =0x0000000000000200 is an unknown value
R9 =0x0000000000000002 is an unknown value
R10=0x000002f204210000 points into unknown readable memory: 0x0000000000000000 | 00 00 00 00 00 00 00 00
R11=0x000000f9d9ffef30 is pointing into the stack for thread: 0x000002f2064c0cb0
R12=0x00000000000112b4 is an unknown value
R13=0x000002f2264fff00 points into unknown readable memory: 0x00ff00ff00ff00ff | ff 00 ff 00 ff 00 ff 00
R14=0x0000000000000200 is an unknown value
R15=0x0000000000000002 is an unknown value


Registers:
RAX=0x000037822520e816, RBX=0x0000000000000002, RCX=0x0000000000000de1, RDX=0x0000000000000000
RSP=0x000000f9d9ffef48, RBP=0x0000000000000200, RSI=0x0000000000000200, RDI=0x000000f9d9fff0e0
R8 =0x0000000000000200, R9 =0x0000000000000002, R10=0x000002f204210000, R11=0x000000f9d9ffef30
R12=0x00000000000112b4, R13=0x000002f2264fff00, R14=0x0000000000000200, R15=0x0000000000000002
RIP=0x0000000000000000, EFLAGS=0x0000000000010246

Top of Stack: (sp=0x000000f9d9ffef48)
0x000000f9d9ffef48:   00007ff8e817cb37 000002f22580a010
0x000000f9d9ffef58:   00007ff97d86ab11 000002f22580a000
0x000000f9d9ffef68:   000002f204210000 000002f2264ff420
0x000000f9d9ffef78:   0000000000000000 0000000000000000
0x000000f9d9ffef88:   000002f2264ffa18 0000000000000000
0x000000f9d9ffef98:   00007ff97b2837eb 000002f200000000
0x000000f9d9ffefa8:   000002f2264ffa18 0000020000000200
0x000000f9d9ffefb8:   0000000000000000 000002f22580a010
0x000000f9d9ffefc8:   000037822520e816 0000000000015404
0x000000f9d9ffefd8:   0000000000000000 0000000000000000
0x000000f9d9ffefe8:   0000000000000000 0000000000000000
0x000000f9d9ffeff8:   0000000000000001 000002f225fc2a90
0x000000f9d9fff008:   0000000000000200 000000f9d9fff100
0x000000f9d9fff018:   00007ff8e81520d4 0000000000000000
0x000000f9d9fff028:   0000000000000000 ffff82f93e6169fd
0x000000f9d9fff038:   00007ff8e829bf40 0000000000000001 

Instructions: (pc=0x0000000000000000)
0xffffffffffffff00:   


Stack slot to memory mapping:
stack at sp + 0 slots: 0x00007ff8e817cb37 jniRaylib.dll
stack at sp + 1 slots: 0x000002f22580a010 points into unknown readable memory: 0x000002f225f164c0 | c0 64 f1 25 f2 02 00 00
stack at sp + 2 slots: 0x00007ff97d86ab11 ntdll.dll
stack at sp + 3 slots: 0x000002f22580a000 points into unknown readable memory: 0x0000000000000000 | 00 00 00 00 00 00 00 00
stack at sp + 4 slots: 0x000002f204210000 points into unknown readable memory: 0x0000000000000000 | 00 00 00 00 00 00 00 00
stack at sp + 5 slots: 0x000002f2264ff420 points into unknown readable memory: 0x4080000040800000 | 00 00 80 40 00 00 80 40
stack at sp + 6 slots: 0x0 is NULL
stack at sp + 7 slots: 0x0 is NULL


---------------  P R O C E S S  ---------------

Threads class SMR info:
_java_thread_list=0x000002f22606f830, length=14, elements={
0x000002f2064c0cb0, 0x000002f2244ab7f0, 0x000002f2244ac570, 0x000002f2244c43f0,
0x000002f2244c4eb0, 0x000002f2244c7780, 0x000002f2244cb540, 0x000002f2244cc5f0,
0x000002f2244d4fb0, 0x000002f2244e20d0, 0x000002f2250b7a60, 0x000002f2250bb330,
0x000002f2254de680, 0x000002f225895d40
}

Java Threads: ( => current thread )
=>0x000002f2064c0cb0 JavaThread "main" [_thread_in_native, id=3164, stack(0x000000f9d9f00000,0x000000f9da000000)]
  0x000002f2244ab7f0 JavaThread "Reference Handler" daemon [_thread_blocked, id=22784, stack(0x000000f9da600000,0x000000f9da700000)]
  0x000002f2244ac570 JavaThread "Finalizer" daemon [_thread_blocked, id=1940, stack(0x000000f9da700000,0x000000f9da800000)]
  0x000002f2244c43f0 JavaThread "Signal Dispatcher" daemon [_thread_blocked, id=13476, stack(0x000000f9da800000,0x000000f9da900000)]
  0x000002f2244c4eb0 JavaThread "Attach Listener" daemon [_thread_blocked, id=24472, stack(0x000000f9da900000,0x000000f9daa00000)]
  0x000002f2244c7780 JavaThread "Service Thread" daemon [_thread_blocked, id=21248, stack(0x000000f9daa00000,0x000000f9dab00000)]
  0x000002f2244cb540 JavaThread "Monitor Deflation Thread" daemon [_thread_blocked, id=22016, stack(0x000000f9dab00000,0x000000f9dac00000)]
  0x000002f2244cc5f0 JavaThread "C2 CompilerThread0" daemon [_thread_blocked, id=4036, stack(0x000000f9dac00000,0x000000f9dad00000)]
  0x000002f2244d4fb0 JavaThread "C1 CompilerThread0" daemon [_thread_blocked, id=26384, stack(0x000000f9dad00000,0x000000f9dae00000)]
  0x000002f2244e20d0 JavaThread "Sweeper thread" daemon [_thread_blocked, id=6740, stack(0x000000f9dae00000,0x000000f9daf00000)]
  0x000002f2250b7a60 JavaThread "Notification Thread" daemon [_thread_blocked, id=344, stack(0x000000f9daf00000,0x000000f9db000000)]
  0x000002f2250bb330 JavaThread "Common-Cleaner" daemon [_thread_blocked, id=1756, stack(0x000000f9db100000,0x000000f9db200000)]
  0x000002f2254de680 JavaThread "C2 CompilerThread1" daemon [_thread_blocked, id=10736, stack(0x000000f9db200000,0x000000f9db300000)]
  0x000002f225895d40 JavaThread "JavaCPP Deallocator" daemon [_thread_blocked, id=25772, stack(0x000000f9db300000,0x000000f9db400000)]

Other Threads:
  0x000002f2244a74d0 VMThread "VM Thread" [stack: 0x000000f9da500000,0x000000f9da600000] [id=5828]
  0x000002f20651a1c0 WatcherThread [stack: 0x000000f9db000000,0x000000f9db100000] [id=26296]
  0x000002f206501050 GCTaskThread "GC Thread#0" [stack: 0x000000f9da000000,0x000000f9da100000] [id=6304]
  0x000002f206511920 ConcurrentGCThread "G1 Main Marker" [stack: 0x000000f9da100000,0x000000f9da200000] [id=22244]
  0x000002f2065139f0 ConcurrentGCThread "G1 Conc#0" [stack: 0x000000f9da200000,0x000000f9da300000] [id=25220]
  0x000002f224360090 ConcurrentGCThread "G1 Refine#0" [stack: 0x000000f9da300000,0x000000f9da400000] [id=24992]
  0x000002f2243619d0 ConcurrentGCThread "G1 Service" [stack: 0x000000f9da400000,0x000000f9da500000] [id=9148]

Threads with active compile tasks:

VM state: not at safepoint (normal execution)

VM Mutex/Monitor currently owned by a thread: None

Heap address: 0x0000000082c00000, size: 2004 MB, Compressed Oops mode: 32-bit

CDS archive(s) mapped at: [0x0000000800000000-0x0000000800bc0000-0x0000000800bc0000), size 12320768, SharedBaseAddress: 0x0000000800000000, ArchiveRelocationMode: 0.
Compressed class space mapped at: 0x0000000800c00000-0x0000000840c00000, reserved size: 1073741824
Narrow klass base: 0x0000000800000000, Narrow klass shift: 0, Narrow klass range: 0x100000000

GC Precious Log:
 CPUs: 8 total, 8 available
 Memory: 8013M
 Large Page Support: Disabled
 NUMA Support: Disabled
 Compressed Oops: Enabled (32-bit)
 Heap Region Size: 1M
 Heap Min Capacity: 8M
 Heap Initial Capacity: 126M
 Heap Max Capacity: 2004M
 Pre-touch: Disabled
 Parallel Workers: 8
 Concurrent Workers: 2
 Concurrent Refinement Workers: 8
 Periodic GC: Disabled

Heap:
 garbage-first heap   total 129024K, used 20480K [0x0000000082c00000, 0x0000000100000000)
  region size 1024K, 21 young (21504K), 0 survivors (0K)
 Metaspace       used 1943K, committed 2112K, reserved 1056768K
  class space    used 168K, committed 256K, reserved 1048576K

Heap Regions: E=young(eden), S=young(survivor), O=old, HS=humongous(starts), HC=humongous(continues), CS=collection set, F=free, OA=open archive, CA=closed archive, TAMS=top-at-mark-start (previous, next)
|   0|0x0000000082c00000, 0x0000000082c00000, 0x0000000082d00000|  0%| F|  |TAMS 0x0000000082c00000, 0x0000000082c00000| Untracked 
|   1|0x0000000082d00000, 0x0000000082d00000, 0x0000000082e00000|  0%| F|  |TAMS 0x0000000082d00000, 0x0000000082d00000| Untracked 
|   2|0x0000000082e00000, 0x0000000082e00000, 0x0000000082f00000|  0%| F|  |TAMS 0x0000000082e00000, 0x0000000082e00000| Untracked 
|   3|0x0000000082f00000, 0x0000000082f00000, 0x0000000083000000|  0%| F|  |TAMS 0x0000000082f00000, 0x0000000082f00000| Untracked 
|   4|0x0000000083000000, 0x0000000083000000, 0x0000000083100000|  0%| F|  |TAMS 0x0000000083000000, 0x0000000083000000| Untracked 
|   5|0x0000000083100000, 0x0000000083100000, 0x0000000083200000|  0%| F|  |TAMS 0x0000000083100000, 0x0000000083100000| Untracked 
|   6|0x0000000083200000, 0x0000000083200000, 0x0000000083300000|  0%| F|  |TAMS 0x0000000083200000, 0x0000000083200000| Untracked 
|   7|0x0000000083300000, 0x0000000083300000, 0x0000000083400000|  0%| F|  |TAMS 0x0000000083300000, 0x0000000083300000| Untracked 
|   8|0x0000000083400000, 0x0000000083400000, 0x0000000083500000|  0%| F|  |TAMS 0x0000000083400000, 0x0000000083400000| Untracked 
|   9|0x0000000083500000, 0x0000000083500000, 0x0000000083600000|  0%| F|  |TAMS 0x0000000083500000, 0x0000000083500000| Untracked 
|  10|0x0000000083600000, 0x0000000083600000, 0x0000000083700000|  0%| F|  |TAMS 0x0000000083600000, 0x0000000083600000| Untracked 
|  11|0x0000000083700000, 0x0000000083700000, 0x0000000083800000|  0%| F|  |TAMS 0x0000000083700000, 0x0000000083700000| Untracked 
|  12|0x0000000083800000, 0x0000000083800000, 0x0000000083900000|  0%| F|  |TAMS 0x0000000083800000, 0x0000000083800000| Untracked 
|  13|0x0000000083900000, 0x0000000083900000, 0x0000000083a00000|  0%| F|  |TAMS 0x0000000083900000, 0x0000000083900000| Untracked 
|  14|0x0000000083a00000, 0x0000000083a00000, 0x0000000083b00000|  0%| F|  |TAMS 0x0000000083a00000, 0x0000000083a00000| Untracked 
|  15|0x0000000083b00000, 0x0000000083b00000, 0x0000000083c00000|  0%| F|  |TAMS 0x0000000083b00000, 0x0000000083b00000| Untracked 
|  16|0x0000000083c00000, 0x0000000083c00000, 0x0000000083d00000|  0%| F|  |TAMS 0x0000000083c00000, 0x0000000083c00000| Untracked 
|  17|0x0000000083d00000, 0x0000000083d00000, 0x0000000083e00000|  0%| F|  |TAMS 0x0000000083d00000, 0x0000000083d00000| Untracked 
|  18|0x0000000083e00000, 0x0000000083e00000, 0x0000000083f00000|  0%| F|  |TAMS 0x0000000083e00000, 0x0000000083e00000| Untracked 
|  19|0x0000000083f00000, 0x0000000083f00000, 0x0000000084000000|  0%| F|  |TAMS 0x0000000083f00000, 0x0000000083f00000| Untracked 
|  20|0x0000000084000000, 0x0000000084000000, 0x0000000084100000|  0%| F|  |TAMS 0x0000000084000000, 0x0000000084000000| Untracked 
|  21|0x0000000084100000, 0x0000000084100000, 0x0000000084200000|  0%| F|  |TAMS 0x0000000084100000, 0x0000000084100000| Untracked 
|  22|0x0000000084200000, 0x0000000084200000, 0x0000000084300000|  0%| F|  |TAMS 0x0000000084200000, 0x0000000084200000| Untracked 
|  23|0x0000000084300000, 0x0000000084300000, 0x0000000084400000|  0%| F|  |TAMS 0x0000000084300000, 0x0000000084300000| Untracked 
|  24|0x0000000084400000, 0x0000000084400000, 0x0000000084500000|  0%| F|  |TAMS 0x0000000084400000, 0x0000000084400000| Untracked 
|  25|0x0000000084500000, 0x0000000084500000, 0x0000000084600000|  0%| F|  |TAMS 0x0000000084500000, 0x0000000084500000| Untracked 
|  26|0x0000000084600000, 0x0000000084600000, 0x0000000084700000|  0%| F|  |TAMS 0x0000000084600000, 0x0000000084600000| Untracked 
|  27|0x0000000084700000, 0x0000000084700000, 0x0000000084800000|  0%| F|  |TAMS 0x0000000084700000, 0x0000000084700000| Untracked 
|  28|0x0000000084800000, 0x0000000084800000, 0x0000000084900000|  0%| F|  |TAMS 0x0000000084800000, 0x0000000084800000| Untracked 
|  29|0x0000000084900000, 0x0000000084900000, 0x0000000084a00000|  0%| F|  |TAMS 0x0000000084900000, 0x0000000084900000| Untracked 
|  30|0x0000000084a00000, 0x0000000084a00000, 0x0000000084b00000|  0%| F|  |TAMS 0x0000000084a00000, 0x0000000084a00000| Untracked 
|  31|0x0000000084b00000, 0x0000000084b00000, 0x0000000084c00000|  0%| F|  |TAMS 0x0000000084b00000, 0x0000000084b00000| Untracked 
|  32|0x0000000084c00000, 0x0000000084c00000, 0x0000000084d00000|  0%| F|  |TAMS 0x0000000084c00000, 0x0000000084c00000| Untracked 
|  33|0x0000000084d00000, 0x0000000084d00000, 0x0000000084e00000|  0%| F|  |TAMS 0x0000000084d00000, 0x0000000084d00000| Untracked 
|  34|0x0000000084e00000, 0x0000000084e00000, 0x0000000084f00000|  0%| F|  |TAMS 0x0000000084e00000, 0x0000000084e00000| Untracked 
|  35|0x0000000084f00000, 0x0000000084f00000, 0x0000000085000000|  0%| F|  |TAMS 0x0000000084f00000, 0x0000000084f00000| Untracked 
|  36|0x0000000085000000, 0x0000000085000000, 0x0000000085100000|  0%| F|  |TAMS 0x0000000085000000, 0x0000000085000000| Untracked 
|  37|0x0000000085100000, 0x0000000085100000, 0x0000000085200000|  0%| F|  |TAMS 0x0000000085100000, 0x0000000085100000| Untracked 
|  38|0x0000000085200000, 0x0000000085200000, 0x0000000085300000|  0%| F|  |TAMS 0x0000000085200000, 0x0000000085200000| Untracked 
|  39|0x0000000085300000, 0x0000000085300000, 0x0000000085400000|  0%| F|  |TAMS 0x0000000085300000, 0x0000000085300000| Untracked 
|  40|0x0000000085400000, 0x0000000085400000, 0x0000000085500000|  0%| F|  |TAMS 0x0000000085400000, 0x0000000085400000| Untracked 
|  41|0x0000000085500000, 0x0000000085500000, 0x0000000085600000|  0%| F|  |TAMS 0x0000000085500000, 0x0000000085500000| Untracked 
|  42|0x0000000085600000, 0x0000000085600000, 0x0000000085700000|  0%| F|  |TAMS 0x0000000085600000, 0x0000000085600000| Untracked 
|  43|0x0000000085700000, 0x0000000085700000, 0x0000000085800000|  0%| F|  |TAMS 0x0000000085700000, 0x0000000085700000| Untracked 
|  44|0x0000000085800000, 0x0000000085800000, 0x0000000085900000|  0%| F|  |TAMS 0x0000000085800000, 0x0000000085800000| Untracked 
|  45|0x0000000085900000, 0x0000000085900000, 0x0000000085a00000|  0%| F|  |TAMS 0x0000000085900000, 0x0000000085900000| Untracked 
|  46|0x0000000085a00000, 0x0000000085a00000, 0x0000000085b00000|  0%| F|  |TAMS 0x0000000085a00000, 0x0000000085a00000| Untracked 
|  47|0x0000000085b00000, 0x0000000085b00000, 0x0000000085c00000|  0%| F|  |TAMS 0x0000000085b00000, 0x0000000085b00000| Untracked 
|  48|0x0000000085c00000, 0x0000000085c00000, 0x0000000085d00000|  0%| F|  |TAMS 0x0000000085c00000, 0x0000000085c00000| Untracked 
|  49|0x0000000085d00000, 0x0000000085d00000, 0x0000000085e00000|  0%| F|  |TAMS 0x0000000085d00000, 0x0000000085d00000| Untracked 
|  50|0x0000000085e00000, 0x0000000085e00000, 0x0000000085f00000|  0%| F|  |TAMS 0x0000000085e00000, 0x0000000085e00000| Untracked 
|  51|0x0000000085f00000, 0x0000000085f00000, 0x0000000086000000|  0%| F|  |TAMS 0x0000000085f00000, 0x0000000085f00000| Untracked 
|  52|0x0000000086000000, 0x0000000086000000, 0x0000000086100000|  0%| F|  |TAMS 0x0000000086000000, 0x0000000086000000| Untracked 
|  53|0x0000000086100000, 0x0000000086100000, 0x0000000086200000|  0%| F|  |TAMS 0x0000000086100000, 0x0000000086100000| Untracked 
|  54|0x0000000086200000, 0x0000000086200000, 0x0000000086300000|  0%| F|  |TAMS 0x0000000086200000, 0x0000000086200000| Untracked 
|  55|0x0000000086300000, 0x0000000086300000, 0x0000000086400000|  0%| F|  |TAMS 0x0000000086300000, 0x0000000086300000| Untracked 
|  56|0x0000000086400000, 0x0000000086400000, 0x0000000086500000|  0%| F|  |TAMS 0x0000000086400000, 0x0000000086400000| Untracked 
|  57|0x0000000086500000, 0x0000000086500000, 0x0000000086600000|  0%| F|  |TAMS 0x0000000086500000, 0x0000000086500000| Untracked 
|  58|0x0000000086600000, 0x0000000086600000, 0x0000000086700000|  0%| F|  |TAMS 0x0000000086600000, 0x0000000086600000| Untracked 
|  59|0x0000000086700000, 0x0000000086700000, 0x0000000086800000|  0%| F|  |TAMS 0x0000000086700000, 0x0000000086700000| Untracked 
|  60|0x0000000086800000, 0x0000000086800000, 0x0000000086900000|  0%| F|  |TAMS 0x0000000086800000, 0x0000000086800000| Untracked 
|  61|0x0000000086900000, 0x0000000086900000, 0x0000000086a00000|  0%| F|  |TAMS 0x0000000086900000, 0x0000000086900000| Untracked 
|  62|0x0000000086a00000, 0x0000000086a00000, 0x0000000086b00000|  0%| F|  |TAMS 0x0000000086a00000, 0x0000000086a00000| Untracked 
|  63|0x0000000086b00000, 0x0000000086b00000, 0x0000000086c00000|  0%| F|  |TAMS 0x0000000086b00000, 0x0000000086b00000| Untracked 
|  64|0x0000000086c00000, 0x0000000086c00000, 0x0000000086d00000|  0%| F|  |TAMS 0x0000000086c00000, 0x0000000086c00000| Untracked 
|  65|0x0000000086d00000, 0x0000000086d00000, 0x0000000086e00000|  0%| F|  |TAMS 0x0000000086d00000, 0x0000000086d00000| Untracked 
|  66|0x0000000086e00000, 0x0000000086e00000, 0x0000000086f00000|  0%| F|  |TAMS 0x0000000086e00000, 0x0000000086e00000| Untracked 
|  67|0x0000000086f00000, 0x0000000086f00000, 0x0000000087000000|  0%| F|  |TAMS 0x0000000086f00000, 0x0000000086f00000| Untracked 
|  68|0x0000000087000000, 0x0000000087000000, 0x0000000087100000|  0%| F|  |TAMS 0x0000000087000000, 0x0000000087000000| Untracked 
|  69|0x0000000087100000, 0x0000000087100000, 0x0000000087200000|  0%| F|  |TAMS 0x0000000087100000, 0x0000000087100000| Untracked 
|  70|0x0000000087200000, 0x0000000087200000, 0x0000000087300000|  0%| F|  |TAMS 0x0000000087200000, 0x0000000087200000| Untracked 
|  71|0x0000000087300000, 0x0000000087300000, 0x0000000087400000|  0%| F|  |TAMS 0x0000000087300000, 0x0000000087300000| Untracked 
|  72|0x0000000087400000, 0x0000000087400000, 0x0000000087500000|  0%| F|  |TAMS 0x0000000087400000, 0x0000000087400000| Untracked 
|  73|0x0000000087500000, 0x0000000087500000, 0x0000000087600000|  0%| F|  |TAMS 0x0000000087500000, 0x0000000087500000| Untracked 
|  74|0x0000000087600000, 0x0000000087600000, 0x0000000087700000|  0%| F|  |TAMS 0x0000000087600000, 0x0000000087600000| Untracked 
|  75|0x0000000087700000, 0x0000000087700000, 0x0000000087800000|  0%| F|  |TAMS 0x0000000087700000, 0x0000000087700000| Untracked 
|  76|0x0000000087800000, 0x0000000087800000, 0x0000000087900000|  0%| F|  |TAMS 0x0000000087800000, 0x0000000087800000| Untracked 
|  77|0x0000000087900000, 0x0000000087900000, 0x0000000087a00000|  0%| F|  |TAMS 0x0000000087900000, 0x0000000087900000| Untracked 
|  78|0x0000000087a00000, 0x0000000087a00000, 0x0000000087b00000|  0%| F|  |TAMS 0x0000000087a00000, 0x0000000087a00000| Untracked 
|  79|0x0000000087b00000, 0x0000000087b00000, 0x0000000087c00000|  0%| F|  |TAMS 0x0000000087b00000, 0x0000000087b00000| Untracked 
|  80|0x0000000087c00000, 0x0000000087c00000, 0x0000000087d00000|  0%| F|  |TAMS 0x0000000087c00000, 0x0000000087c00000| Untracked 
|  81|0x0000000087d00000, 0x0000000087d00000, 0x0000000087e00000|  0%| F|  |TAMS 0x0000000087d00000, 0x0000000087d00000| Untracked 
|  82|0x0000000087e00000, 0x0000000087e00000, 0x0000000087f00000|  0%| F|  |TAMS 0x0000000087e00000, 0x0000000087e00000| Untracked 
|  83|0x0000000087f00000, 0x0000000087f00000, 0x0000000088000000|  0%| F|  |TAMS 0x0000000087f00000, 0x0000000087f00000| Untracked 
|  84|0x0000000088000000, 0x0000000088000000, 0x0000000088100000|  0%| F|  |TAMS 0x0000000088000000, 0x0000000088000000| Untracked 
|  85|0x0000000088100000, 0x0000000088100000, 0x0000000088200000|  0%| F|  |TAMS 0x0000000088100000, 0x0000000088100000| Untracked 
|  86|0x0000000088200000, 0x0000000088200000, 0x0000000088300000|  0%| F|  |TAMS 0x0000000088200000, 0x0000000088200000| Untracked 
|  87|0x0000000088300000, 0x0000000088300000, 0x0000000088400000|  0%| F|  |TAMS 0x0000000088300000, 0x0000000088300000| Untracked 
|  88|0x0000000088400000, 0x0000000088400000, 0x0000000088500000|  0%| F|  |TAMS 0x0000000088400000, 0x0000000088400000| Untracked 
|  89|0x0000000088500000, 0x0000000088500000, 0x0000000088600000|  0%| F|  |TAMS 0x0000000088500000, 0x0000000088500000| Untracked 
|  90|0x0000000088600000, 0x0000000088600000, 0x0000000088700000|  0%| F|  |TAMS 0x0000000088600000, 0x0000000088600000| Untracked 
|  91|0x0000000088700000, 0x0000000088700000, 0x0000000088800000|  0%| F|  |TAMS 0x0000000088700000, 0x0000000088700000| Untracked 
|  92|0x0000000088800000, 0x0000000088800000, 0x0000000088900000|  0%| F|  |TAMS 0x0000000088800000, 0x0000000088800000| Untracked 
|  93|0x0000000088900000, 0x0000000088900000, 0x0000000088a00000|  0%| F|  |TAMS 0x0000000088900000, 0x0000000088900000| Untracked 
|  94|0x0000000088a00000, 0x0000000088a00000, 0x0000000088b00000|  0%| F|  |TAMS 0x0000000088a00000, 0x0000000088a00000| Untracked 
|  95|0x0000000088b00000, 0x0000000088b00000, 0x0000000088c00000|  0%| F|  |TAMS 0x0000000088b00000, 0x0000000088b00000| Untracked 
|  96|0x0000000088c00000, 0x0000000088c00000, 0x0000000088d00000|  0%| F|  |TAMS 0x0000000088c00000, 0x0000000088c00000| Untracked 
|  97|0x0000000088d00000, 0x0000000088d00000, 0x0000000088e00000|  0%| F|  |TAMS 0x0000000088d00000, 0x0000000088d00000| Untracked 
|  98|0x0000000088e00000, 0x0000000088e00000, 0x0000000088f00000|  0%| F|  |TAMS 0x0000000088e00000, 0x0000000088e00000| Untracked 
|  99|0x0000000088f00000, 0x0000000088f00000, 0x0000000089000000|  0%| F|  |TAMS 0x0000000088f00000, 0x0000000088f00000| Untracked 
| 100|0x0000000089000000, 0x0000000089000000, 0x0000000089100000|  0%| F|  |TAMS 0x0000000089000000, 0x0000000089000000| Untracked 
| 101|0x0000000089100000, 0x0000000089100000, 0x0000000089200000|  0%| F|  |TAMS 0x0000000089100000, 0x0000000089100000| Untracked 
| 102|0x0000000089200000, 0x0000000089200000, 0x0000000089300000|  0%| F|  |TAMS 0x0000000089200000, 0x0000000089200000| Untracked 
| 103|0x0000000089300000, 0x0000000089300000, 0x0000000089400000|  0%| F|  |TAMS 0x0000000089300000, 0x0000000089300000| Untracked 
| 104|0x0000000089400000, 0x0000000089400000, 0x0000000089500000|  0%| F|  |TAMS 0x0000000089400000, 0x0000000089400000| Untracked 
| 105|0x0000000089500000, 0x0000000089576250, 0x0000000089600000| 46%| E|  |TAMS 0x0000000089500000, 0x0000000089500000| Complete 
| 106|0x0000000089600000, 0x0000000089700000, 0x0000000089700000|100%| E|CS|TAMS 0x0000000089600000, 0x0000000089600000| Complete 
| 107|0x0000000089700000, 0x0000000089800000, 0x0000000089800000|100%| E|CS|TAMS 0x0000000089700000, 0x0000000089700000| Complete 
| 108|0x0000000089800000, 0x0000000089900000, 0x0000000089900000|100%| E|CS|TAMS 0x0000000089800000, 0x0000000089800000| Complete 
| 109|0x0000000089900000, 0x0000000089a00000, 0x0000000089a00000|100%| E|CS|TAMS 0x0000000089900000, 0x0000000089900000| Complete 
| 110|0x0000000089a00000, 0x0000000089b00000, 0x0000000089b00000|100%| E|CS|TAMS 0x0000000089a00000, 0x0000000089a00000| Complete 
| 111|0x0000000089b00000, 0x0000000089c00000, 0x0000000089c00000|100%| E|CS|TAMS 0x0000000089b00000, 0x0000000089b00000| Complete 
| 112|0x0000000089c00000, 0x0000000089d00000, 0x0000000089d00000|100%| E|CS|TAMS 0x0000000089c00000, 0x0000000089c00000| Complete 
| 113|0x0000000089d00000, 0x0000000089e00000, 0x0000000089e00000|100%| E|CS|TAMS 0x0000000089d00000, 0x0000000089d00000| Complete 
| 114|0x0000000089e00000, 0x0000000089f00000, 0x0000000089f00000|100%| E|CS|TAMS 0x0000000089e00000, 0x0000000089e00000| Complete 
| 115|0x0000000089f00000, 0x000000008a000000, 0x000000008a000000|100%| E|CS|TAMS 0x0000000089f00000, 0x0000000089f00000| Complete 
| 116|0x000000008a000000, 0x000000008a100000, 0x000000008a100000|100%| E|CS|TAMS 0x000000008a000000, 0x000000008a000000| Complete 
| 117|0x000000008a100000, 0x000000008a200000, 0x000000008a200000|100%| E|CS|TAMS 0x000000008a100000, 0x000000008a100000| Complete 
| 118|0x000000008a200000, 0x000000008a300000, 0x000000008a300000|100%| E|CS|TAMS 0x000000008a200000, 0x000000008a200000| Complete 
| 119|0x000000008a300000, 0x000000008a400000, 0x000000008a400000|100%| E|CS|TAMS 0x000000008a300000, 0x000000008a300000| Complete 
| 120|0x000000008a400000, 0x000000008a500000, 0x000000008a500000|100%| E|CS|TAMS 0x000000008a400000, 0x000000008a400000| Complete 
| 121|0x000000008a500000, 0x000000008a600000, 0x000000008a600000|100%| E|CS|TAMS 0x000000008a500000, 0x000000008a500000| Complete 
| 122|0x000000008a600000, 0x000000008a700000, 0x000000008a700000|100%| E|CS|TAMS 0x000000008a600000, 0x000000008a600000| Complete 
| 123|0x000000008a700000, 0x000000008a800000, 0x000000008a800000|100%| E|CS|TAMS 0x000000008a700000, 0x000000008a700000| Complete 
| 124|0x000000008a800000, 0x000000008a900000, 0x000000008a900000|100%| E|CS|TAMS 0x000000008a800000, 0x000000008a800000| Complete 
| 125|0x000000008a900000, 0x000000008aa00000, 0x000000008aa00000|100%| E|CS|TAMS 0x000000008a900000, 0x000000008a900000| Complete 

Card table byte_map: [0x000002f21d430000,0x000002f21d820000] _byte_map_base: 0x000002f21d01a000

Marking Bits (Prev, Next): (CMBitMap*) 0x000002f206501570, (CMBitMap*) 0x000002f2065015b0
 Prev Bits: [0x000002f21dc10000, 0x000002f21fb60000)
 Next Bits: [0x000002f21fb60000, 0x000002f221ab0000)

Polling page: 0x000002f205c90000

Metaspace:

Usage:
  Non-class:      1.73 MB used.
      Class:    168.83 KB used.
       Both:      1.90 MB used.

Virtual space:
  Non-class space:        8.00 MB reserved,       1.81 MB ( 23%) committed,  1 nodes.
      Class space:        1.00 GB reserved,     256.00 KB ( <1%) committed,  1 nodes.
             Both:        1.01 GB reserved,       2.06 MB ( <1%) committed. 

Chunk freelists:
   Non-Class:  3.28 MB
       Class:  3.66 MB
        Both:  6.94 MB

MaxMetaspaceSize: unlimited
CompressedClassSpaceSize: 1.00 GB
Initial GC threshold: 21.00 MB
Current GC threshold: 21.00 MB
CDS: on
MetaspaceReclaimPolicy: balanced
 - commit_granule_bytes: 65536.
 - commit_granule_words: 8192.
 - virtual_space_node_default_size: 1048576.
 - enlarge_chunks_in_place: 1.
 - new_chunks_are_fully_committed: 0.
 - uncommit_free_chunks: 1.
 - use_allocation_guard: 0.
 - handle_deallocations: 1.


Internal statistics:

num_allocs_failed_limit: 0.
num_arena_births: 18.
num_arena_deaths: 0.
num_vsnodes_births: 2.
num_vsnodes_deaths: 0.
num_space_committed: 33.
num_space_uncommitted: 0.
num_chunks_returned_to_freelist: 0.
num_chunks_taken_from_freelist: 51.
num_chunk_merges: 0.
num_chunk_splits: 37.
num_chunks_enlarged: 30.
num_purges: 0.
num_inconsistent_stats: 0.

CodeHeap 'non-profiled nmethods': size=120000Kb used=407Kb max_used=407Kb free=119593Kb
 bounds [0x000002f2157e0000, 0x000002f215a50000, 0x000002f21cd10000]
CodeHeap 'profiled nmethods': size=120000Kb used=1073Kb max_used=1073Kb free=118927Kb
 bounds [0x000002f20e2b0000, 0x000002f20e520000, 0x000002f2157e0000]
CodeHeap 'non-nmethods': size=5760Kb used=1143Kb max_used=1233Kb free=4616Kb
 bounds [0x000002f20dd10000, 0x000002f20df80000, 0x000002f20e2b0000]
 total_blobs=1070 nmethods=639 adapters=344
 compilation: enabled
              stopped_count=0, restarted_count=0
 full_count=0

Compilation events (20 events):
Event: 0.826 Thread 0x000002f2244d4fb0  640       3       jdk.internal.loader.NativeLibraries$NativeLibraryImpl::find (6 bytes)
Event: 0.827 Thread 0x000002f2244d4fb0 nmethod 640 0x000002f20e3bc090 code [0x000002f20e3bc220, 0x000002f20e3bc348]
Event: 0.827 Thread 0x000002f2244cc5f0 nmethod 509 0x000002f215840f90 code [0x000002f215841160, 0x000002f215841448]
Event: 0.827 Thread 0x000002f2244cc5f0  571       4       java.lang.String::isEmpty (14 bytes)
Event: 0.827 Thread 0x000002f2254de680 nmethod 582 0x000002f215841790 code [0x000002f215841920, 0x000002f215841b58]
Event: 0.827 Thread 0x000002f2254de680  485       4       java.lang.CharacterDataLatin1::toLowerCase (39 bytes)
Event: 0.827 Thread 0x000002f2244cc5f0 nmethod 571 0x000002f215841d10 code [0x000002f215841e80, 0x000002f215841f18]
Event: 0.827 Thread 0x000002f2244cc5f0  635       4       java.util.AbstractList::<init> (10 bytes)
Event: 0.828 Thread 0x000002f2244cc5f0 nmethod 635 0x000002f215842010 code [0x000002f215842180, 0x000002f2158421f8]
Event: 0.828 Thread 0x000002f2244cc5f0  572       4       java.lang.CharacterData::of (136 bytes)
Event: 0.828 Thread 0x000002f2254de680 nmethod 485 0x000002f215842310 code [0x000002f215842480, 0x000002f215842578]
Event: 0.828 Thread 0x000002f2254de680  528       4       java.lang.ref.Reference::reachabilityFence (1 bytes)
Event: 0.828 Thread 0x000002f2244cc5f0 nmethod 572 0x000002f215842690 code [0x000002f215842800, 0x000002f215842878]
Event: 0.828 Thread 0x000002f2244cc5f0  510       4       java.lang.CompoundEnumeration::hasMoreElements (5 bytes)
Event: 0.828 Thread 0x000002f2254de680 nmethod 528 0x000002f215842990 code [0x000002f215842b00, 0x000002f215842b58]
Event: 0.828 Thread 0x000002f2254de680  482       4       java.lang.String::checkBoundsOffCount (64 bytes)
Event: 0.829 Thread 0x000002f2254de680 nmethod 482 0x000002f215842c90 code [0x000002f215842e00, 0x000002f215842eb8]
Event: 0.829 Thread 0x000002f2254de680  513       4       java.lang.ClassLoader::getResources (55 bytes)
Event: 0.833 Thread 0x000002f2244cc5f0 nmethod 510 0x000002f215842f90 code [0x000002f215843160, 0x000002f215843448]
Event: 0.833 Thread 0x000002f2244cc5f0  496       4       java.lang.String::getChars (54 bytes)

GC Heap History (0 events):
No events

Deoptimization events (20 events):
Event: 0.715 Thread 0x000002f2064c0cb0 DEOPT PACKING pc=0x000002f215824ce0 sp=0x000000f9d9ffdfa0
Event: 0.715 Thread 0x000002f2064c0cb0 DEOPT UNPACKING pc=0x000002f20dd623a3 sp=0x000000f9d9ffdcc0 mode 2
Event: 0.763 Thread 0x000002f2064c0cb0 Uncommon trap: trap_request=0xffffffc6 fr.pc=0x000002f2157fdc40 relative=0x00000000000005e0
Event: 0.763 Thread 0x000002f2064c0cb0 Uncommon trap: reason=bimorphic_or_optimized_type_check action=maybe_recompile pc=0x000002f2157fdc40 method=java.util.concurrent.ConcurrentHashMap.get(Ljava/lang/Object;)Ljava/lang/Object; @ 149 c2
Event: 0.763 Thread 0x000002f2064c0cb0 DEOPT PACKING pc=0x000002f2157fdc40 sp=0x000000f9d9ffd860
Event: 0.763 Thread 0x000002f2064c0cb0 DEOPT UNPACKING pc=0x000002f20dd623a3 sp=0x000000f9d9ffd800 mode 2
Event: 0.763 Thread 0x000002f2064c0cb0 Uncommon trap: trap_request=0xffffffc6 fr.pc=0x000002f2157fdc40 relative=0x00000000000005e0
Event: 0.763 Thread 0x000002f2064c0cb0 Uncommon trap: reason=bimorphic_or_optimized_type_check action=maybe_recompile pc=0x000002f2157fdc40 method=java.util.concurrent.ConcurrentHashMap.get(Ljava/lang/Object;)Ljava/lang/Object; @ 149 c2
Event: 0.763 Thread 0x000002f2064c0cb0 DEOPT PACKING pc=0x000002f2157fdc40 sp=0x000000f9d9ffd860
Event: 0.763 Thread 0x000002f2064c0cb0 DEOPT UNPACKING pc=0x000002f20dd623a3 sp=0x000000f9d9ffd800 mode 2
Event: 0.763 Thread 0x000002f2064c0cb0 Uncommon trap: trap_request=0xffffffc6 fr.pc=0x000002f2157fdc40 relative=0x00000000000005e0
Event: 0.763 Thread 0x000002f2064c0cb0 Uncommon trap: reason=bimorphic_or_optimized_type_check action=maybe_recompile pc=0x000002f2157fdc40 method=java.util.concurrent.ConcurrentHashMap.get(Ljava/lang/Object;)Ljava/lang/Object; @ 149 c2
Event: 0.763 Thread 0x000002f2064c0cb0 DEOPT PACKING pc=0x000002f2157fdc40 sp=0x000000f9d9ffd860
Event: 0.763 Thread 0x000002f2064c0cb0 DEOPT UNPACKING pc=0x000002f20dd623a3 sp=0x000000f9d9ffd800 mode 2
Event: 0.763 Thread 0x000002f2064c0cb0 Uncommon trap: trap_request=0xffffffc6 fr.pc=0x000002f2157fdc40 relative=0x00000000000005e0
Event: 0.763 Thread 0x000002f2064c0cb0 Uncommon trap: reason=bimorphic_or_optimized_type_check action=maybe_recompile pc=0x000002f2157fdc40 method=java.util.concurrent.ConcurrentHashMap.get(Ljava/lang/Object;)Ljava/lang/Object; @ 149 c2
Event: 0.763 Thread 0x000002f2064c0cb0 DEOPT PACKING pc=0x000002f2157fdc40 sp=0x000000f9d9ffd860
Event: 0.763 Thread 0x000002f2064c0cb0 DEOPT UNPACKING pc=0x000002f20dd623a3 sp=0x000000f9d9ffd800 mode 2
Event: 0.805 Thread 0x000002f2064c0cb0 DEOPT PACKING pc=0x000002f20e38de38 sp=0x000000f9d9ffc6e0
Event: 0.805 Thread 0x000002f2064c0cb0 DEOPT UNPACKING pc=0x000002f20dd62b43 sp=0x000000f9d9ffbbf8 mode 0

Classes unloaded (0 events):
No events

Classes redefined (0 events):
No events

Internal exceptions (6 events):
Event: 0.103 Thread 0x000002f2064c0cb0 Exception <a 'java/lang/NoSuchMethodError'{0x000000008a8d71a0}: 'int java.lang.invoke.DirectMethodHandle$Holder.invokeStaticInit(java.lang.Object, java.lang.Object, java.lang.Object, java.lang.Object)'> (0x000000008a8d71a0) 
thrown [t:\workspace\open\src\hotspot\share\interpreter\linkResolver.cpp, line 766]
Event: 0.106 Thread 0x000002f2064c0cb0 Exception <a 'java/lang/NoSuchMethodError'{0x000000008a8e1eb0}: 'java.lang.Object java.lang.invoke.DirectMethodHandle$Holder.invokeInterface(java.lang.Object, java.lang.Object)'> (0x000000008a8e1eb0) 
thrown [t:\workspace\open\src\hotspot\share\interpreter\linkResolver.cpp, line 766]
Event: 0.106 Thread 0x000002f2064c0cb0 Exception <a 'java/lang/IncompatibleClassChangeError'{0x000000008a8e55c8}: Found class java.lang.Object, but interface was expected> (0x000000008a8e55c8) 
thrown [t:\workspace\open\src\hotspot\share\interpreter\linkResolver.cpp, line 833]
Event: 0.107 Thread 0x000002f2064c0cb0 Exception <a 'java/lang/NoSuchMethodError'{0x000000008a8e8770}: 'void java.lang.invoke.DirectMethodHandle$Holder.invokeStatic(java.lang.Object, java.lang.Object)'> (0x000000008a8e8770) 
thrown [t:\workspace\open\src\hotspot\share\interpreter\linkResolver.cpp, line 766]
Event: 0.107 Thread 0x000002f2064c0cb0 Exception <a 'java/lang/NoSuchMethodError'{0x000000008a8ebde0}: 'void java.lang.invoke.DirectMethodHandle$Holder.invokeStaticInit(java.lang.Object, java.lang.Object)'> (0x000000008a8ebde0) 
thrown [t:\workspace\open\src\hotspot\share\interpreter\linkResolver.cpp, line 766]
Event: 0.109 Thread 0x000002f2064c0cb0 Exception <a 'java/lang/NoSuchMethodError'{0x000000008a8f24a8}: 'int java.lang.invoke.DirectMethodHandle$Holder.invokeStaticInit(java.lang.Object, java.lang.Object)'> (0x000000008a8f24a8) 
thrown [t:\workspace\open\src\hotspot\share\interpreter\linkResolver.cpp, line 766]

VM Operations (4 events):
Event: 0.080 Executing VM operation: HandshakeAllThreads
Event: 0.080 Executing VM operation: HandshakeAllThreads done
Event: 0.151 Executing VM operation: HandshakeAllThreads
Event: 0.151 Executing VM operation: HandshakeAllThreads done

Events (20 events):
Event: 0.757 loading class sun/util/calendar/ZoneInfoFile$Checksum
Event: 0.757 loading class sun/util/calendar/ZoneInfoFile$Checksum done
Event: 0.757 loading class java/time/zone/ZoneRulesProvider
Event: 0.758 loading class java/time/zone/ZoneRulesProvider done
Event: 0.758 loading class java/time/zone/ZoneRulesProvider$1
Event: 0.758 loading class java/time/zone/ZoneRulesProvider$1 done
Event: 0.758 loading class java/time/zone/TzdbZoneRulesProvider
Event: 0.758 loading class java/time/zone/TzdbZoneRulesProvider done
Event: 0.762 loading class java/time/zone/Ser
Event: 0.763 loading class java/io/Externalizable
Event: 0.763 loading class java/io/Externalizable done
Event: 0.763 loading class java/time/zone/Ser done
Event: 0.763 loading class java/time/zone/ZoneOffsetTransition
Event: 0.764 loading class java/time/zone/ZoneOffsetTransition done
Event: 0.765 loading class java/util/concurrent/TimeUnit$1
Event: 0.765 loading class java/util/concurrent/TimeUnit$1 done
Event: 0.770 Loaded shared library C:\Users\pedro\.javacpp\cache\jaylib-4.5.0-0.jar\com\raylib\windows-x86_64\jniRaylib.dll
Event: 0.786 loading class java/lang/NumberFormatException
Event: 0.786 loading class java/lang/NumberFormatException done
Event: 0.787 Thread 0x000002f225895d40 Thread added: 0x000002f225895d40


Dynamic libraries:
0x00007ff702ad0000 - 0x00007ff702ae0000 	C:\Program Files\Java\jdk-17.0.2\bin\java.exe
0x00007ff97d830000 - 0x00007ff97da46000 	C:\WINDOWS\SYSTEM32\ntdll.dll
0x00007ff97be10000 - 0x00007ff97bed4000 	C:\WINDOWS\System32\KERNEL32.DLL
0x00007ff97ad50000 - 0x00007ff97b0f6000 	C:\WINDOWS\System32\KERNELBASE.dll
0x00007ff97b270000 - 0x00007ff97b381000 	C:\WINDOWS\System32\ucrtbase.dll
0x00007ff953670000 - 0x00007ff953688000 	C:\Program Files\Java\jdk-17.0.2\bin\jli.dll
0x00007ff95dee0000 - 0x00007ff95defa000 	C:\Program Files\Java\jdk-17.0.2\bin\VCRUNTIME140.dll
0x00007ff97d4e0000 - 0x00007ff97d592000 	C:\WINDOWS\System32\ADVAPI32.dll
0x00007ff97bae0000 - 0x00007ff97bb87000 	C:\WINDOWS\System32\msvcrt.dll
0x00007ff97d5b0000 - 0x00007ff97d658000 	C:\WINDOWS\System32\sechost.dll
0x00007ff97abe0000 - 0x00007ff97ac08000 	C:\WINDOWS\System32\bcrypt.dll
0x00007ff97bcf0000 - 0x00007ff97be05000 	C:\WINDOWS\System32\RPCRT4.dll
0x00007ff97c9b0000 - 0x00007ff97cb5d000 	C:\WINDOWS\System32\USER32.dll
0x00007ff95cc80000 - 0x00007ff95cf13000 	C:\WINDOWS\WinSxS\amd64_microsoft.windows.common-controls_6595b64144ccf1df_6.0.22621.3235_none_270f74e173860f98\COMCTL32.dll
0x00007ff97b400000 - 0x00007ff97b426000 	C:\WINDOWS\System32\win32u.dll
0x00007ff97b8a0000 - 0x00007ff97b8c9000 	C:\WINDOWS\System32\GDI32.dll
0x00007ff97b430000 - 0x00007ff97b548000 	C:\WINDOWS\System32\gdi32full.dll
0x00007ff97ab40000 - 0x00007ff97abda000 	C:\WINDOWS\System32\msvcp_win.dll
0x00007ff972db0000 - 0x00007ff972dba000 	C:\WINDOWS\SYSTEM32\VERSION.dll
0x00007ff97cb90000 - 0x00007ff97cbc1000 	C:\WINDOWS\System32\IMM32.DLL
0x00007ff95dfb0000 - 0x00007ff95dfbc000 	C:\Program Files\Java\jdk-17.0.2\bin\vcruntime140_1.dll
0x00007ff931490000 - 0x00007ff93151d000 	C:\Program Files\Java\jdk-17.0.2\bin\msvcp140.dll
0x00007ff8d1370000 - 0x00007ff8d1f31000 	C:\Program Files\Java\jdk-17.0.2\bin\server\jvm.dll
0x00007ff97d5a0000 - 0x00007ff97d5a8000 	C:\WINDOWS\System32\PSAPI.DLL
0x00007ff977da0000 - 0x00007ff977da9000 	C:\WINDOWS\SYSTEM32\WSOCK32.dll
0x00007ff9733f0000 - 0x00007ff973424000 	C:\WINDOWS\SYSTEM32\WINMM.dll
0x00007ff97d430000 - 0x00007ff97d4a1000 	C:\WINDOWS\System32\WS2_32.dll
0x00007ff979c30000 - 0x00007ff979c48000 	C:\WINDOWS\SYSTEM32\kernel.appcore.dll
0x00007ff95dcb0000 - 0x00007ff95dcba000 	C:\Program Files\Java\jdk-17.0.2\bin\jimage.dll
0x00007ff967aa0000 - 0x00007ff967cd3000 	C:\WINDOWS\SYSTEM32\DBGHELP.DLL
0x00007ff97bee0000 - 0x00007ff97c268000 	C:\WINDOWS\System32\combase.dll
0x00007ff97c3d0000 - 0x00007ff97c4a7000 	C:\WINDOWS\System32\OLEAUT32.dll
0x00007ff9460e0000 - 0x00007ff946112000 	C:\WINDOWS\SYSTEM32\dbgcore.DLL
0x00007ff97ac10000 - 0x00007ff97ac8a000 	C:\WINDOWS\System32\bcryptPrimitives.dll
0x00007ff94a1c0000 - 0x00007ff94a1e5000 	C:\Program Files\Java\jdk-17.0.2\bin\java.dll
0x00007ff93d2f0000 - 0x00007ff93d3c6000 	C:\Program Files\Java\jdk-17.0.2\bin\jsvml.dll
0x00007ff97cbd0000 - 0x00007ff97d42c000 	C:\WINDOWS\System32\SHELL32.dll
0x00007ff978a50000 - 0x00007ff979348000 	C:\WINDOWS\SYSTEM32\windows.storage.dll
0x00007ff978910000 - 0x00007ff978a4e000 	C:\WINDOWS\SYSTEM32\wintypes.dll
0x00007ff97c270000 - 0x00007ff97c363000 	C:\WINDOWS\System32\SHCORE.dll
0x00007ff97bc90000 - 0x00007ff97bcee000 	C:\WINDOWS\System32\shlwapi.dll
0x00007ff97aa70000 - 0x00007ff97aa96000 	C:\WINDOWS\SYSTEM32\profapi.dll
0x00007ff94b7a0000 - 0x00007ff94b7b9000 	C:\Program Files\Java\jdk-17.0.2\bin\net.dll
0x00007ff974030000 - 0x00007ff974167000 	C:\WINDOWS\SYSTEM32\WINHTTP.dll
0x00007ff97a0b0000 - 0x00007ff97a119000 	C:\WINDOWS\system32\mswsock.dll
0x00007ff94ab00000 - 0x00007ff94ab16000 	C:\Program Files\Java\jdk-17.0.2\bin\nio.dll
0x00007ff9532d0000 - 0x00007ff9532e8000 	C:\Program Files\Java\jdk-17.0.2\bin\zip.dll
0x000002f2246a0000 - 0x000002f2246a3000 	C:\Program Files (x86)\Windows Kits\10\Redist\ucrt\DLLs\x64\api-ms-win-crt-locale-l1-1-0.dll
0x000002f2246b0000 - 0x000002f2246b4000 	C:\Program Files (x86)\Windows Kits\10\Redist\ucrt\DLLs\x64\api-ms-win-crt-string-l1-1-0.dll
0x000002f2246c0000 - 0x000002f2246c4000 	C:\Program Files (x86)\Windows Kits\10\Redist\ucrt\DLLs\x64\api-ms-win-crt-stdio-l1-1-0.dll
0x000002f2246d0000 - 0x000002f2246d5000 	C:\Program Files (x86)\Windows Kits\10\Redist\ucrt\DLLs\x64\api-ms-win-crt-math-l1-1-0.dll
0x000002f2246e0000 - 0x000002f2246e3000 	C:\Program Files (x86)\Windows Kits\10\Redist\ucrt\DLLs\x64\api-ms-win-crt-heap-l1-1-0.dll
0x000002f2246f0000 - 0x000002f2246f4000 	C:\Program Files (x86)\Windows Kits\10\Redist\ucrt\DLLs\x64\api-ms-win-crt-runtime-l1-1-0.dll
0x000002f224700000 - 0x000002f224704000 	C:\Program Files (x86)\Windows Kits\10\Redist\ucrt\DLLs\x64\api-ms-win-crt-convert-l1-1-0.dll
0x000002f224710000 - 0x000002f224713000 	C:\Program Files (x86)\Windows Kits\10\Redist\ucrt\DLLs\x64\api-ms-win-crt-environment-l1-1-0.dll
0x000002f224720000 - 0x000002f224723000 	C:\Program Files (x86)\Windows Kits\10\Redist\ucrt\DLLs\x64\api-ms-win-crt-time-l1-1-0.dll
0x000002f224730000 - 0x000002f224733000 	C:\Program Files (x86)\Windows Kits\10\Redist\ucrt\DLLs\x64\api-ms-win-crt-filesystem-l1-1-0.dll
0x000002f224740000 - 0x000002f224743000 	C:\Program Files (x86)\Windows Kits\10\Redist\ucrt\DLLs\x64\api-ms-win-crt-utility-l1-1-0.dll
0x000002f224750000 - 0x000002f224755000 	C:\Program Files (x86)\Windows Kits\10\Redist\ucrt\DLLs\x64\api-ms-win-crt-multibyte-l1-1-0.dll
0x000002f224760000 - 0x000002f224763000 	C:\Program Files (x86)\Windows Kits\10\Redist\ucrt\DLLs\x64\api-ms-win-crt-conio-l1-1-0.dll
0x000002f224770000 - 0x000002f22477f000 	C:\Program Files (x86)\Windows Kits\10\Redist\ucrt\DLLs\x64\api-ms-win-crt-private-l1-1-0.dll
0x000002f224780000 - 0x000002f224783000 	C:\Program Files (x86)\Windows Kits\10\Redist\ucrt\DLLs\x64\api-ms-win-crt-process-l1-1-0.dll
0x000002f224790000 - 0x000002f224793000 	C:\Program Files\Java\jdk-17.0.2\bin\api-ms-win-core-console-l1-2-0.dll
0x000002f2247a0000 - 0x000002f2247a3000 	C:\Program Files (x86)\Windows Kits\10\Redist\ucrt\DLLs\x64\api-ms-win-core-string-l1-1-0.dll
0x000002f2247b0000 - 0x000002f2247b3000 	C:\Program Files (x86)\Windows Kits\10\Redist\ucrt\DLLs\x64\api-ms-win-core-errorhandling-l1-1-0.dll
0x000002f2247c0000 - 0x000002f2247c3000 	C:\Program Files (x86)\Windows Kits\10\Redist\ucrt\DLLs\x64\api-ms-win-core-timezone-l1-1-0.dll
0x000002f2247d0000 - 0x000002f2247d4000 	C:\Program Files (x86)\Windows Kits\10\Redist\ucrt\DLLs\x64\api-ms-win-core-file-l1-1-0.dll
0x000002f2247e0000 - 0x000002f2247e3000 	C:\Program Files (x86)\Windows Kits\10\Redist\ucrt\DLLs\x64\api-ms-win-core-namedpipe-l1-1-0.dll
0x000002f2247f0000 - 0x000002f2247f3000 	C:\Program Files (x86)\Windows Kits\10\Redist\ucrt\DLLs\x64\api-ms-win-core-handle-l1-1-0.dll
0x000002f225c00000 - 0x000002f225c03000 	C:\Program Files (x86)\Windows Kits\10\Redist\ucrt\DLLs\x64\api-ms-win-core-file-l2-1-0.dll
0x000002f225c10000 - 0x000002f225c13000 	C:\Program Files (x86)\Windows Kits\10\Redist\ucrt\DLLs\x64\api-ms-win-core-heap-l1-1-0.dll
0x000002f225c20000 - 0x000002f225c23000 	C:\Program Files (x86)\Windows Kits\10\Redist\ucrt\DLLs\x64\api-ms-win-core-libraryloader-l1-1-0.dll
0x000002f225c30000 - 0x000002f225c33000 	C:\Program Files (x86)\Windows Kits\10\Redist\ucrt\DLLs\x64\api-ms-win-core-synch-l1-1-0.dll
0x000002f225c40000 - 0x000002f225c43000 	C:\Program Files (x86)\Windows Kits\10\Redist\ucrt\DLLs\x64\api-ms-win-core-processthreads-l1-1-0.dll
0x000002f225c50000 - 0x000002f225c53000 	C:\Program Files (x86)\Windows Kits\10\Redist\ucrt\DLLs\x64\api-ms-win-core-processenvironment-l1-1-0.dll
0x000002f225c60000 - 0x000002f225c63000 	C:\Program Files (x86)\Windows Kits\10\Redist\ucrt\DLLs\x64\api-ms-win-core-datetime-l1-1-0.dll
0x000002f225c70000 - 0x000002f225c73000 	C:\Program Files (x86)\Windows Kits\10\Redist\ucrt\DLLs\x64\api-ms-win-core-localization-l1-2-0.dll
0x000002f225c80000 - 0x000002f225c83000 	C:\Program Files (x86)\Windows Kits\10\Redist\ucrt\DLLs\x64\api-ms-win-core-sysinfo-l1-1-0.dll
0x000002f225c90000 - 0x000002f225c93000 	C:\Program Files (x86)\Windows Kits\10\Redist\ucrt\DLLs\x64\api-ms-win-core-synch-l1-2-0.dll
0x000002f226c70000 - 0x000002f226c73000 	C:\Program Files (x86)\Windows Kits\10\Redist\ucrt\DLLs\x64\api-ms-win-core-console-l1-1-0.dll
0x000002f226c80000 - 0x000002f226c83000 	C:\Program Files (x86)\Windows Kits\10\Redist\ucrt\DLLs\x64\api-ms-win-core-debug-l1-1-0.dll
0x000002f226c90000 - 0x000002f226c93000 	C:\Program Files (x86)\Windows Kits\10\Redist\ucrt\DLLs\x64\api-ms-win-core-rtlsupport-l1-1-0.dll
0x000002f226ca0000 - 0x000002f226ca3000 	C:\Program Files (x86)\Windows Kits\10\Redist\ucrt\DLLs\x64\api-ms-win-core-processthreads-l1-1-1.dll
0x000002f226cb0000 - 0x000002f226cb3000 	C:\Program Files (x86)\Windows Kits\10\Redist\ucrt\DLLs\x64\api-ms-win-core-file-l1-2-0.dll
0x000002f226cc0000 - 0x000002f226cc3000 	C:\Program Files (x86)\Windows Kits\10\Redist\ucrt\DLLs\x64\api-ms-win-core-profile-l1-1-0.dll
0x000002f226cd0000 - 0x000002f226cd3000 	C:\Program Files (x86)\Windows Kits\10\Redist\ucrt\DLLs\x64\api-ms-win-core-memory-l1-1-0.dll
0x000002f226ce0000 - 0x000002f226ce3000 	C:\Program Files (x86)\Windows Kits\10\Redist\ucrt\DLLs\x64\api-ms-win-core-util-l1-1-0.dll
0x000002f226cf0000 - 0x000002f226cf3000 	C:\Program Files (x86)\Windows Kits\10\Redist\ucrt\DLLs\x64\api-ms-win-core-interlocked-l1-1-0.dll
0x00007ff8e9b20000 - 0x00007ff8e9c12000 	C:\Program Files (x86)\Windows Kits\10\Redist\ucrt\DLLs\x64\ucrtbase.dll
0x00007ff953610000 - 0x00007ff953619000 	C:\Windows\System32\msvcp140_1.dll
0x00007ff93c3e0000 - 0x00007ff93c42d000 	C:\Windows\System32\concrt140.dll
0x00007ff9361d0000 - 0x00007ff936202000 	C:\Windows\System32\vcomp140.dll
0x00007ff95c830000 - 0x00007ff95c930000 	C:\Windows\System32\opengl32.dll
0x00007ff95d860000 - 0x00007ff95d88d000 	C:\WINDOWS\SYSTEM32\GLU32.dll
0x00007ff978170000 - 0x00007ff9781a9000 	C:\WINDOWS\SYSTEM32\dxcore.dll
0x00007ff8e80a0000 - 0x00007ff8e82bd000 	C:\Users\pedro\.javacpp\cache\jaylib-4.5.0-0.jar\com\raylib\windows-x86_64\jniRaylib.dll

dbghelp: loaded successfully - version: 4.0.5 - missing functions: none
symbol engine: initialized successfully - sym options: 0x614 - pdb path: .;C:\Program Files\Java\jdk-17.0.2\bin;C:\WINDOWS\SYSTEM32;C:\WINDOWS\WinSxS\amd64_microsoft.windows.common-controls_6595b64144ccf1df_6.0.22621.3235_none_270f74e173860f98;C:\Program Files\Java\jdk-17.0.2\bin\server;C:\Program Files (x86)\Windows Kits\10\Redist\ucrt\DLLs\x64;C:\Users\pedro\.javacpp\cache\jaylib-4.5.0-0.jar\com\raylib\windows-x86_64

VM Arguments:
jvm_args: -Dfile.encoding=windows-1252 -Duser.country=BR -Duser.language=pt -Duser.variant 
java_command: Main
java_class_path (initial): C:\RaylibSHIT\Project1test\build\classes\java\main;C:\RaylibSHIT\Project1test\build\resources\main;C:\Users\pedro\.gradle\caches\modules-2\files-2.1\uk.co.electronstudio.jaylib\jaylib\4.5.0-0\90c0d608df9bbd32f5f34683acc58cb433e94508\jaylib-4.5.0-0.jar
Launcher Type: SUN_STANDARD

[Global flags]
     intx CICompilerCount                          = 4                                         {product} {ergonomic}
     uint ConcGCThreads                            = 2                                         {product} {ergonomic}
     uint G1ConcRefinementThreads                  = 8                                         {product} {ergonomic}
   size_t G1HeapRegionSize                         = 1048576                                   {product} {ergonomic}
    uintx GCDrainStackTargetSize                   = 64                                        {product} {ergonomic}
   size_t InitialHeapSize                          = 132120576                                 {product} {ergonomic}
   size_t MarkStackSize                            = 4194304                                   {product} {ergonomic}
   size_t MaxHeapSize                              = 2101346304                                {product} {ergonomic}
   size_t MaxNewSize                               = 1260388352                                {product} {ergonomic}
   size_t MinHeapDeltaBytes                        = 1048576                                   {product} {ergonomic}
   size_t MinHeapSize                              = 8388608                                   {product} {ergonomic}
    uintx NonNMethodCodeHeapSize                   = 5839372                                {pd product} {ergonomic}
    uintx NonProfiledCodeHeapSize                  = 122909434                              {pd product} {ergonomic}
    uintx ProfiledCodeHeapSize                     = 122909434                              {pd product} {ergonomic}
    uintx ReservedCodeCacheSize                    = 251658240                              {pd product} {ergonomic}
     bool SegmentedCodeCache                       = true                                      {product} {ergonomic}
   size_t SoftMaxHeapSize                          = 2101346304                             {manageable} {ergonomic}
     bool UseCompressedClassPointers               = true                           {product lp64_product} {ergonomic}
     bool UseCompressedOops                        = true                           {product lp64_product} {ergonomic}
     bool UseG1GC                                  = true                                      {product} {ergonomic}
     bool UseLargePagesIndividualAllocation        = false                                  {pd product} {ergonomic}

Logging:
Log output configuration:
 #0: stdout all=warning uptime,level,tags
 #1: stderr all=off uptime,level,tags

Environment Variables:
JAVA_HOME=C:\Program Files\Java\jdk-17.0.2
PATH=C:\Program Files (x86)\Common Files\Oracle\Java\javapath;C:\Program Files\Java\jdk-17.0.2\bin;C:\Windows\system32;C:\Windows;C:\Windows\System32\Wbem;C:\Windows\System32\WindowsPowerShell\v1.0\;C:\Windows\System32\OpenSSH\;C:\Program Files (x86)\NVIDIA Corporation\PhysX\Common;C:\Program Files\NVIDIA Corporation\NVIDIA NvDLISR;C:\WINDOWS\system32;C:\WINDOWS;C:\WINDOWS\System32\Wbem;C:\WINDOWS\System32\WindowsPowerShell\v1.0\;C:\WINDOWS\System32\OpenSSH\;C:\Program Files (x86)\Java\jre1.8.0_351\bin;"%PATH%;C:\Program Files\Java\jdk-17.0.2\bin";C:\Users\pedro\OneDrive\Documentos\Zips\nvim-win64\nvim-win64\bin;C:\msys64\mingw64\bin;C:\msys64\ucrt64\bin;C:\Program Files\dotnet\;C:\Program Files\Git\cmd;C:\Program Files (x86)\Windows Kits\10\Windows Performance Toolkit\;C:\Users\pedro\AppData\Local\Programs\Python\Python310\Scripts\;C:\Users\pedro\AppData\Local\Programs\Python\Python310\;C:\Users\pedro\AppData\Local\Programs\Python\Python39\Scripts\;C:\Users\pedro\AppData\Local\Programs\Python\Python39\;C:\Users\pedro\AppData\Local\Microsoft\WindowsApps;C:\Users\pedro\AppData\Local\Programs\Microsoft VS Code\bin;C:\Users\pedro\AppData\Local\Microsoft\WindowsApps;C:\msys64\mingw64\bin;C:\msys64\mingw64\bin;C:\msys64\ucrt64\bin;C:\Users\pedro\.dotnet\tools
USERNAME=pedro
OS=Windows_NT
PROCESSOR_IDENTIFIER=Intel64 Family 6 Model 142 Stepping 12, GenuineIntel



---------------  S Y S T E M  ---------------

OS:
 Windows 11 , 64 bit Build 22621 (10.0.22621.3235)
OS uptime: 1 days 5:01 hours
Hyper-V role detected

CPU: total 8 (initial active 8) (4 cores per cpu, 2 threads per core) family 6 model 142 stepping 12 microcode 0xea, cx8, cmov, fxsr, ht, mmx, 3dnowpref, sse, sse2, sse3, ssse3, sse4.1, sse4.2, popcnt, lzcnt, tsc, tscinvbit, avx, avx2, aes, erms, clmul, bmi1, bmi2, adx, fma, vzeroupper, clflush, clflushopt, hv

Memory: 4k page, system-wide physical 8013M (514M free)
TotalPageFile size 23885M (AvailPageFile size 7334M)
current process WorkingSet (physical memory assigned to process): 75M, peak: 78M
current process commit charge ("private bytes"): 229M, peak: 232M

vm_info: Java HotSpot(TM) 64-Bit Server VM (17.0.2+8-LTS-86) for windows-amd64 JRE (17.0.2+8-LTS-86), built on Dec  7 2021 21:51:03 by "mach5one" with MS VC++ 16.8 / 16.9 (VS2019)

END.
